<?xml version='1.0' encoding='UTF-8'?>
<hotspot_log version='160 1' process='6560' time_ms='1301354617439'>
<vm_version>
<name>
Java HotSpot(TM) Client VM
</name>
<release>
19.0-b09-fastdebug
</release>
<info>
Java HotSpot(TM) Client VM (19.0-b09-fastdebug) for windows-x86 JRE (1.6.0_23-ea-fastdebug-b03), built on Oct 18 2010 14:42:11 by &quot;java_re&quot; with MS VC++ 7.1 (VS2003)
</info>
</vm_version>
<vm_arguments>
<args>
-Didea.launcher.port=7532 -Didea.launcher.bin.path=C:\Program Files (x86)\JetBrains\IntelliJ IDEA 10.0\bin -Dfile.encoding=windows-1252 
</args>
<command>
com.intellij.rt.execution.application.AppMain com.intellij.rt.execution.junit.JUnitStarter -ideVersion5 -junit4 org.kuali.student.enrollment.lpr.test.LuiPersonRelationServiceTest
</command>
<launcher>
SUN_STANDARD
</launcher>
<properties>
java.vm.specification.version=1.0
java.vm.specification.name=Java Virtual Machine Specification
java.vm.specification.vendor=Sun Microsystems Inc.
java.vm.version=19.0-b09-fastdebug
java.vm.name=Java HotSpot(TM) Client VM
java.vm.vendor=Sun Microsystems Inc.
java.vm.info=mixed mode, sharing
java.ext.dirs=C:\ProgramFiles\java_debug\jdk1.6.0_23\fastdebug\jre\lib\ext;C:\Windows\Sun\Java\lib\ext
java.endorsed.dirs=C:\ProgramFiles\java_debug\jdk1.6.0_23\fastdebug\jre\lib\endorsed
sun.boot.library.path=C:\ProgramFiles\java_debug\jdk1.6.0_23\fastdebug\jre\bin
java.library.path=C:\ProgramFiles\java_debug\jdk1.6.0_23\fastdebug\bin;.;C:\Windows\Sun\Java\bin;C:\Windows\system32;C:\Windows;C:\ProgramFiles\oracle\app\oracle\product\10.2.0\server\bin;C:\Windows\system32;C:\Windows;C:\Windows\System32\Wbem;C:\Windows\System32\WindowsPowerShell\v1.0\;C:\Program Files\Intel\DMIX;c:\Program Files (x86)\ATI Technologies\ATI.ACE\Core-Static;C:\Program Files (x86)\NTRU Cryptosystems\NTRU TCG Software Stack\bin\;C:\Program Files\NTRU Cryptosystems\NTRU TCG Software Stack\bin\;C:\Program Files\Wave Systems Corp\Gemalto\Access Client\v5\;C:\Program Files (x86)\Common Files\Roxio Shared\DLLShared\;C:\Program Files (x86)\Common Files\Roxio Shared\10.0\DLLShared\;d:\ProgramFiles\apache-maven-3.0\bin;C:\Program Files\TortoiseSVN\bin;C:\Program Files\MySQL\MySQL Server 5.1\bin;d:\ProgramFiles\apache-ant-1.7.1\bin;C:\Program Files\TortoiseHg;c:\Program Files (x86)\jprofiler5\bin\windows-x64;C:\ProgramFiles\java\bin;C:\Program Files (x86)\Git\cmd;c:\program files (x86)\jetbrains\intellij idea 10.0\jre\jre\bin
java.home=C:\ProgramFiles\java_debug\jdk1.6.0_23\fastdebug\jre
Java HotSpot(TM) Client VM warning: increase O_BUFLEN in ostream.hpp -- output truncated
java.class.path=C:\Program Files (x86)\JetBrains\IntelliJ IDEA 10.0\lib\idea_rt.jar;C:\Program Files (x86)\JetBrains\IntelliJ IDEA 10.0\plugins\junit\lib\junit-rt.jar;C:\ProgramFiles\java_debug\jdk1.6.0_23\fastdebug\jre\lib\alt-rt.jar;C:\ProgramFiles\java_debug\jdk1.6.0_23\fastdebug\jre\lib\alt-string.jar;C:\ProgramFiles\java_debug\jdk1.6.0_23\fastdebug\jre\lib\charsets.jar;C:\ProgramFiles\java_debug\jdk1.6.0_23\fastdebug\jre\lib\deploy.jar;C:\ProgramFiles\java_debug\jdk1.6.0_23\fastdebug\jre\lib\javaws.jar;C:\ProgramFiles\java_debug\jdk1.6.0_23\fastdebug\jre\lib\jce.jar;C:\ProgramFiles\java_debug\jdk1.6.0_23\fastdebug\jre\lib\jsse.jar;C:\ProgramFiles\java_debug\jdk1.6.0_23\fastdebug\jre\lib\management-agent.jar;C:\ProgramFiles\java_debug\jdk1.6.0_23\fastdebug\jre\lib\plugin.jar;C:\ProgramFiles\java_debug\jdk1.6.0_23\fastdebug\jre\lib\resources.jar;C:\ProgramFiles\java_debug\jdk1.6.0_23\fastdebug\jre\lib\rt.jar;C:\ProgramFiles\java_debug\jdk1.6.0_23\fastdebug\jre\lib\ext\dnsns.jar;C:\ProgramFiles\java_debug\jdk1.6.0_23\fastdebug\jre\lib\ext\localedata.jar;C:\ProgramFiles\java_debug\jdk1.6.0_23\fastdebug\jre\lib\ext\sunjce_provider.jar;C:\ProgramFiles\java_debug\jdk1.6.0_23\fastdebug\jre\lib\ext\sunmscapi.jar;C:\ProgramFiles\java_debug\jdk1.6.0_23\fastdebug\jre\lib\ext\sunpkcs11.jar;D:\programming\projects\exadel_projects\berkeley\kuali\ks-r2-poc\ks-services-alternative\ks-services-impl\target\test-classes;D:\programming\projects\exadel_projects\berkeley\kuali\ks-r2-poc\ks-services-alternative\ks-services-impl\target\classes;D:\programming\maven\maven_rep\org\kuali\student\core\ks-core-api\1.1.1-SNAPSHOT\ks-core-api-1.1.1-SNAPSHOT.jar;D:\programming\maven\maven_rep\org\kuali\student\common\ks-common-api\1.1.1-SNAPSHOT\ks-common-api-1.1.1-SNAPSHOT.jar;D:\programming\maven\maven_rep\org\kuali\student\common\ks-common-util\1.1.1-SNAPSHOT\ks-common-util-1.1.1-SNAPSHOT.jar;D:\programming\maven\maven_rep\javax\persistence\persistence-api\1.0\persistence-api-1.0.jar;D:\pr
sun.boot.class.path=C:\ProgramFiles\java_debug\jdk1.6.0_23\fastdebug\jre\lib\resources.jar;C:\ProgramFiles\java_debug\jdk1.6.0_23\fastdebug\jre\lib\rt.jar;C:\ProgramFiles\java_debug\jdk1.6.0_23\fastdebug\jre\lib\sunrsasign.jar;C:\ProgramFiles\java_debug\jdk1.6.0_23\fastdebug\jre\lib\jsse.jar;C:\ProgramFiles\java_debug\jdk1.6.0_23\fastdebug\jre\lib\jce.jar;C:\ProgramFiles\java_debug\jdk1.6.0_23\fastdebug\jre\lib\charsets.jar;C:\ProgramFiles\java_debug\jdk1.6.0_23\fastdebug\jre\lib\modules\jdk.boot.jar;C:\ProgramFiles\java_debug\jdk1.6.0_23\fastdebug\jre\classes
idea.launcher.port=7532
idea.launcher.bin.path=C:\Program Files (x86)\JetBrains\IntelliJ IDEA 10.0\bin
file.encoding=windows-1252
sun.java.launcher=SUN_STANDARD
</properties>
</vm_arguments>
<tty>
<writer thread='6488'/>
<dependency_failed type='unique_concrete_method' x='java/util/jar/JarFile getEntry (Ljava/lang/String;)Ljava/util/zip/ZipEntry;' witness='sun/net/www/protocol/jar/URLJarFile' stamp='0.349'/>
<dependency_failed type='leaf_type' ctxk='java/util/jar/JarFile' witness='sun/net/www/protocol/jar/URLJarFile' stamp='0.349'/>
<dependency_failed type='unique_concrete_method' ctxk='java/lang/Exception' x='java/lang/Throwable getMessage ()Ljava/lang/String;' witness='org/junit/internal/AssumptionViolatedException' stamp='0.396'/>
<dependency_failed type='leaf_type' ctxk='java/util/ArrayList' witness='org/springframework/beans/factory/support/ManagedList' stamp='1.583'/>
<dependency_failed type='leaf_type' ctxk='java/util/ArrayList' witness='org/springframework/beans/factory/support/ManagedList' stamp='1.583'/>
<dependency_failed type='unique_concrete_method' ctxk='java/io/DataOutput' x='java/io/DataOutputStream write ([BII)V' witness='java/io/DataOutput' stamp='2.851'/>
C1 Runtime statistics:
 _resolve_invoke_virtual_cnt:     176
 _resolve_invoke_opt_virtual_cnt: 498
 _resolve_invoke_static_cnt:      73
 _handle_wrong_method_cnt:        1
 _ic_miss_cnt:                    73
 _generic_arraycopy_cnt:          0
 _primitive_arraycopy_cnt:        188553
 _oop_arraycopy_cnt:              64
 _arraycopy_slowcase_cnt:         0
 _new_type_array_slowcase_cnt:    19
 _new_object_array_slowcase_cnt:  0
 _new_instance_slowcase_cnt:      2
 _new_multi_array_slowcase_cnt:   0
 _monitorenter_slowcase_cnt:      3754
 _monitorexit_slowcase_cnt:       3754
 _patch_code_slowcase_cnt:        1
 _throw_range_check_exception_count:            28:
 _throw_index_exception_count:                  0:
 _throw_div0_exception_count:                   0:
 _throw_null_pointer_exception_count:           0:
 _throw_class_cast_exception_count:             0:
 _throw_incompatible_class_change_error_count:  0:
 _throw_array_store_exception_count:            0:
 _throw_count:                                  0:

<statistics type='nmethod'>
Statistics for 27 native nmethods:
 N. total size  = 17516
 N. relocation  = 1580
 N. main code   = 10180
Statistics for 525 bytecoded nmethods:
 total in heap  = 1273552
 relocation     = 93080
 main code      = 411472
 stub code      = 51124
 constants      = 36
 oops           = 7088
 scopes data    = 209416
 scopes pcs     = 341296
 dependencies   = 2616
 handler table  = 23628
 nul chk table  = 21204
Debug Data Chunks: 39857, shared 5037+9293, non-SP&apos;s elided 685
PcDesc Statistics:  11394 queries, 7.20 comparisons per query
  caches=525 queries=11394/0, hits=0+7895, tests=44565+37486, adds=3499
</statistics>
<tty_done stamp='5.252'/>
</tty>
<hotspot_log_done stamp='5.252'/>
</hotspot_log>
