Creating Courses
--------------------
Mon Aug 30 10:49:25 -0700 2010
-------------------------------------------------------------------------
Calling CreateCLU
-------------------------------------------------------------------------
--------------------
SOAP Request
--------------------
<luTypeKey>kuali.lu.type.CreditCourse</luTypeKey><cluInfo type="kuali.lu.type.CreditCourse" state="activated"><officialIdentifier><code>CHEM301</code><shortName>AQUEOUS ENVIRMNT</shortName><longName>Aqueous Environmental Chemistry</longName><level>300</level><division>CHEM</division><suffixCode>301</suffixCode></officialIdentifier><descr><plain>Introduction to basic structures, properties, and reactions of organic compounds; bonding, stereochemistry, aromaticity, substitutions, eliminations, oxidation-reductions; structural determinations of hydrocarbons, alcohols and related compounds. Credit will be given for only one pair of CHEM 203, 204 or 231, 232.</plain></descr><primaryAdminOrg><orgId>1013</orgId></primaryAdminOrg><effectiveDate></effectiveDate><expectedFirstAtp>Summer</expectedFirstAtp><stdDuration><atpDurationTypeKey>kuali.atp.duration.Week</atpDurationTypeKey><timeQuantity>12</timeQuantity></stdDuration><expirationDate></expirationDate><isEnrollable>false</isEnrollable><hasEarlyDropDeadline>false</hasEarlyDropDeadline><defaultEnrollmentEstimate>0</defaultEnrollmentEstimate><defaultMaximumEnrollment>false</defaultMaximumEnrollment><isHazardousForDisabledStudents>false</isHazardousForDisabledStudents></cluInfo>
--------------------
SOAP Response
--------------------
<soap:Envelope xmlns:soap="http://schemas.xmlsoap.org/soap/envelope/"><soap:Body><ns2:createCluResponse xmlns:ns2="http://student.kuali.org/wsdl/lu" xmlns:ns3="http://student.kuali.org/wsdl/exceptions" xmlns:ns4="http://student.kuali.org/wsdl/dictionary" xmlns:ns5="http://student.kuali.org/wsdl/search" xmlns:ns6="http://student.kuali.org/wsdl/organization"><return id="6db3332b-e411-40b4-b683-3c044ed0efe3" type="kuali.lu.type.CreditCourse"><officialIdentifier id="316cff68-a2b9-4ae0-9ad8-b9f06b002777"><code>CHEM301</code><shortName>AQUEOUS ENVIRMNT</shortName><longName>Aqueous Environmental Chemistry</longName><level>300</level><division>CHEM</division><suffixCode>301</suffixCode></officialIdentifier><descr><plain>Introduction to basic structures, properties, and reactions of organic compounds; bonding, stereochemistry, aromaticity, substitutions, eliminations, oxidation-reductions; structural determinations of hydrocarbons, alcohols and related compounds. Credit will be given for only one pair of CHEM 203, 204 or 231, 232.</plain></descr><primaryAdminOrg><attributes/><id>caa266e4-a7c5-43c6-8fdb-c4178a2823ca</id><orgId>1013</orgId></primaryAdminOrg><expectedFirstAtp>Summer</expectedFirstAtp><stdDuration><atpDurationTypeKey>kuali.atp.duration.Week</atpDurationTypeKey><timeQuantity>12</timeQuantity></stdDuration><canCreateLui>false</canCreateLui><isEnrollable>false</isEnrollable><hasEarlyDropDeadline>false</hasEarlyDropDeadline><defaultEnrollmentEstimate>0</defaultEnrollmentEstimate><defaultMaximumEnrollment>0</defaultMaximumEnrollment><isHazardousForDisabledStudents>false</isHazardousForDisabledStudents><attributes/><metaInfo><versionInd>0</versionInd><createTime>2010-08-30T10:49:26.031-07:00</createTime><updateTime>2010-08-30T10:49:26.031-07:00</updateTime></metaInfo></return></ns2:createCluResponse></soap:Body></soap:Envelope>
-------------------------------------------------------------------------
Calling CreateCLU
-------------------------------------------------------------------------
--------------------
SOAP Request
--------------------
<luTypeKey>kuali.lu.type.CreditCourse</luTypeKey><cluInfo type="kuali.lu.type.CreditCourse" state="activated"><officialIdentifier><code>CHEM302</code><shortName>ENVIRMNT CHEM</shortName><longName>Environmental Chemistry</longName><level>300</level><division>CHEM</division><suffixCode>302</suffixCode></officialIdentifier><descr><plain>Introduction to basic structures, properties, and reactions of organic compounds; bonding, stereochemistry, aromaticity, substitutions, eliminations, oxidation-reductions; structural determinations of hydrocarbons, alcohols and related compounds. Credit will be given for only one pair of CHEM 203, 204 or 231, 232.</plain></descr><primaryAdminOrg><orgId>1013</orgId></primaryAdminOrg><effectiveDate></effectiveDate><expectedFirstAtp>Summer</expectedFirstAtp><stdDuration><atpDurationTypeKey>kuali.atp.duration.Week</atpDurationTypeKey><timeQuantity>12</timeQuantity></stdDuration><expirationDate></expirationDate><isEnrollable>false</isEnrollable><hasEarlyDropDeadline>false</hasEarlyDropDeadline><defaultEnrollmentEstimate>0</defaultEnrollmentEstimate><defaultMaximumEnrollment>false</defaultMaximumEnrollment><isHazardousForDisabledStudents>false</isHazardousForDisabledStudents></cluInfo>
--------------------
SOAP Response
--------------------
<soap:Envelope xmlns:soap="http://schemas.xmlsoap.org/soap/envelope/"><soap:Body><ns2:createCluResponse xmlns:ns2="http://student.kuali.org/wsdl/lu" xmlns:ns3="http://student.kuali.org/wsdl/exceptions" xmlns:ns4="http://student.kuali.org/wsdl/dictionary" xmlns:ns5="http://student.kuali.org/wsdl/search" xmlns:ns6="http://student.kuali.org/wsdl/organization"><return id="508f0f2f-94a0-4cbb-938a-cb8dc352d70f" type="kuali.lu.type.CreditCourse"><officialIdentifier id="d8e6edb6-9a00-4321-b544-28dc45b0d2e0"><code>CHEM302</code><shortName>ENVIRMNT CHEM</shortName><longName>Environmental Chemistry</longName><level>300</level><division>CHEM</division><suffixCode>302</suffixCode></officialIdentifier><descr><plain>Introduction to basic structures, properties, and reactions of organic compounds; bonding, stereochemistry, aromaticity, substitutions, eliminations, oxidation-reductions; structural determinations of hydrocarbons, alcohols and related compounds. Credit will be given for only one pair of CHEM 203, 204 or 231, 232.</plain></descr><primaryAdminOrg><attributes/><id>11311348-3453-4f9b-b328-3a5bc54710d8</id><orgId>1013</orgId></primaryAdminOrg><expectedFirstAtp>Summer</expectedFirstAtp><stdDuration><atpDurationTypeKey>kuali.atp.duration.Week</atpDurationTypeKey><timeQuantity>12</timeQuantity></stdDuration><canCreateLui>false</canCreateLui><isEnrollable>false</isEnrollable><hasEarlyDropDeadline>false</hasEarlyDropDeadline><defaultEnrollmentEstimate>0</defaultEnrollmentEstimate><defaultMaximumEnrollment>0</defaultMaximumEnrollment><isHazardousForDisabledStudents>false</isHazardousForDisabledStudents><attributes/><metaInfo><versionInd>0</versionInd><createTime>2010-08-30T10:49:26.856-07:00</createTime><updateTime>2010-08-30T10:49:26.856-07:00</updateTime></metaInfo></return></ns2:createCluResponse></soap:Body></soap:Envelope>
Summary of Course Migration
Total Courses: 2
Number of courses migrated: 2
Number of failed migrations: 0
