# Logfile created on Wed Aug 25 16:05:37 -0700 2010  [4;36;1mCrrcCrsCatalogt Load (167.0ms)[0m   [0;1mselect * from (select raw_sql_.*, rownum raw_rnum_ from (SELECT * FROM SIS.CRRC_CRS_CATALOGT ) raw_sql_ where rownum <= 1) where raw_rnum_ > 0[0m
  [4;35;1mSQL (161.0ms)[0m   [0m SELECT trigger_name
 FROM all_triggers
 WHERE owner = 'SIS'
 AND trigger_name = 'SIS.CRRC_CRS_CATALOGT_PKT'
 AND table_owner = 'SIS'
 AND table_name = 'CRRC_CRS_CATALOGT'
 AND status = 'ENABLED'
[0m
  [4;36;1mCrrcCrsCatalogt Columns (137.0ms)[0m   [0;1m select column_name as name, data_type as sql_type, data_default, nullable,
 decode(data_type, 'NUMBER', data_precision,
 'FLOAT', data_precision,
 'VARCHAR2', decode(char_used, 'C', char_length, data_length),
 'CHAR', decode(char_used, 'C', char_length, data_length),
 null) as limit,
 decode(data_type, 'NUMBER', data_scale, null) as scale
 from all_tab_columns
 where owner = 'SIS'
 and table_name = 'CRRC_CRS_CATALOGT'
 order by column_id
[0m
  [4;35;1mCrrcCrsCatalogt Load (14.0ms)[0m   [0mselect * from (select raw_sql_.*, rownum raw_rnum_ from (SELECT * FROM SIS.CRRC_CRS_CATALOGT ) raw_sql_ where rownum <= 1) where raw_rnum_ > 0[0m
  [4;36;1mSQL (328.0ms)[0m   [0;1mselect decode(table_name,upper(table_name),lower(table_name),table_name) name from all_tables where owner = sys_context('userenv','session_user')[0m
  [4;35;1mCrrcCrsCatalogt Load (22.0ms)[0m   [0mselect * from (select raw_sql_.*, rownum raw_rnum_ from (SELECT * FROM SIS.CRRC_CRS_CATALOGT ) raw_sql_ where rownum <= 1) where raw_rnum_ > 0[0m
  [4;36;1mCrrcCrsCatalogt Load (43.0ms)[0m   [0;1mselect * from (select raw_sql_.*, rownum raw_rnum_ from (SELECT * FROM SIS.CRRC_CRS_CATALOGT ) raw_sql_ where rownum <= 1) where raw_rnum_ > 0[0m
  [4;35;1mSQL (3.0ms)[0m   [0m SELECT trigger_name
 FROM all_triggers
 WHERE owner = 'SIS'
 AND trigger_name = 'SIS.CRRC_CRS_CATALOGT_PKT'
 AND table_owner = 'SIS'
 AND table_name = 'CRRC_CRS_CATALOGT'
 AND status = 'ENABLED'
[0m
  [4;36;1mCrrcCrsCatalogt Columns (84.0ms)[0m   [0;1m select column_name as name, data_type as sql_type, data_default, nullable,
 decode(data_type, 'NUMBER', data_precision,
 'FLOAT', data_precision,
 'VARCHAR2', decode(char_used, 'C', char_length, data_length),
 'CHAR', decode(char_used, 'C', char_length, data_length),
 null) as limit,
 decode(data_type, 'NUMBER', data_scale, null) as scale
 from all_tab_columns
 where owner = 'SIS'
 and table_name = 'CRRC_CRS_CATALOGT'
 order by column_id
[0m
  [4;35;1mCrrcCrsCatalogt Load (1295.0ms)[0m   [0mSELECT * FROM SIS.CRRC_CRS_CATALOGT WHERE (crs_code like 'CHEM%') [0m
  [4;36;1mCrrcCrsCatalogt Load (47.0ms)[0m   [0;1mSELECT * FROM SIS.CRRC_CRS_CATALOGT WHERE (crs_code = 'CHEM100') [0m
  [4;35;1mSQL (3.0ms)[0m   [0m SELECT trigger_name
 FROM all_triggers
 WHERE owner = 'SIS'
 AND trigger_name = 'SIS.CRRC_CRS_CATALOGT_PKT'
 AND table_owner = 'SIS'
 AND table_name = 'CRRC_CRS_CATALOGT'
 AND status = 'ENABLED'
[0m
  [4;36;1mCrrcCrsCatalogt Columns (65.0ms)[0m   [0;1m select column_name as name, data_type as sql_type, data_default, nullable,
 decode(data_type, 'NUMBER', data_precision,
 'FLOAT', data_precision,
 'VARCHAR2', decode(char_used, 'C', char_length, data_length),
 'CHAR', decode(char_used, 'C', char_length, data_length),
 null) as limit,
 decode(data_type, 'NUMBER', data_scale, null) as scale
 from all_tab_columns
 where owner = 'SIS'
 and table_name = 'CRRC_CRS_CATALOGT'
 order by column_id
[0m
  [4;35;1mCrrcCrsCatalogt Load (25.0ms)[0m   [0mSELECT * FROM SIS.CRRC_CRS_CATALOGT WHERE (crs_code = 'CHEM101') [0m
  [4;36;1mSQL (3.0ms)[0m   [0;1m SELECT trigger_name
 FROM all_triggers
 WHERE owner = 'SIS'
 AND trigger_name = 'SIS.CRRC_CRS_CATALOGT_PKT'
 AND table_owner = 'SIS'
 AND table_name = 'CRRC_CRS_CATALOGT'
 AND status = 'ENABLED'
[0m
  [4;35;1mCrrcCrsCatalogt Columns (57.0ms)[0m   [0m select column_name as name, data_type as sql_type, data_default, nullable,
 decode(data_type, 'NUMBER', data_precision,
 'FLOAT', data_precision,
 'VARCHAR2', decode(char_used, 'C', char_length, data_length),
 'CHAR', decode(char_used, 'C', char_length, data_length),
 null) as limit,
 decode(data_type, 'NUMBER', data_scale, null) as scale
 from all_tab_columns
 where owner = 'SIS'
 and table_name = 'CRRC_CRS_CATALOGT'
 order by column_id
[0m
  [4;36;1mCrrcCrsCatalogt Load (424.0ms)[0m   [0;1mSELECT * FROM SIS.CRRC_CRS_CATALOGT WHERE (crs_code like 'CHEM1%') [0m
  [4;35;1mSQL (3.0ms)[0m   [0m SELECT trigger_name
 FROM all_triggers
 WHERE owner = 'SIS'
 AND trigger_name = 'SIS.CRRC_CRS_CATALOGT_PKT'
 AND table_owner = 'SIS'
 AND table_name = 'CRRC_CRS_CATALOGT'
 AND status = 'ENABLED'
[0m
  [4;36;1mCrrcCrsCatalogt Columns (102.0ms)[0m   [0;1m select column_name as name, data_type as sql_type, data_default, nullable,
 decode(data_type, 'NUMBER', data_precision,
 'FLOAT', data_precision,
 'VARCHAR2', decode(char_used, 'C', char_length, data_length),
 'CHAR', decode(char_used, 'C', char_length, data_length),
 null) as limit,
 decode(data_type, 'NUMBER', data_scale, null) as scale
 from all_tab_columns
 where owner = 'SIS'
 and table_name = 'CRRC_CRS_CATALOGT'
 order by column_id
[0m
  [4;35;1mCrrcCrsCatalogt Load (14.0ms)[0m   [0mSELECT * FROM SIS.CRRC_CRS_CATALOGT WHERE (crs_code like 'CHEM10%') [0m
  [4;36;1mCrrcCrsCatalogt Load (0.0ms)[0m   [0;1mNativeException: java.sql.SQLException: ORA-00936: missing expression
: SELECT * FROM SIS.CRRC_CRS_CATALOGT WHERE (crs_code like 'CHEM10%' AND crs_endterm == NULL) [0m
  [4;35;1mCrrcCrsCatalogt Load (31.0ms)[0m   [0mSELECT * FROM SIS.CRRC_CRS_CATALOGT WHERE (crs_code like 'CHEM10%' AND crs_endterm is NULL) [0m
  [4;36;1mCrrcCrsCatalogt Load (21.0ms)[0m   [0;1mSELECT * FROM SIS.CRRC_CRS_CATALOGT WHERE (crs_code like 'CHEM1%' AND crs_endterm is NULL) [0m
ActiveScaffold: extending RESTful routes for crrc_crs_catalogts


Processing ApplicationController#index (for 127.0.0.1 at 2010-08-30 11:43:43) [GET]

ActionController::RoutingError (No route matches "/crrs_crs_catalogt" with {:method=>:get}):
  c:/apps/jruby-1.4.0/lib/ruby/1.8/webrick/httpserver.rb:104:in `service'
  c:/apps/jruby-1.4.0/lib/ruby/1.8/webrick/httpserver.rb:65:in `run'
  c:/apps/jruby-1.4.0/lib/ruby/1.8/webrick/server.rb:173:in `start_thread'
  c:/apps/jruby-1.4.0/lib/ruby/1.8/webrick/server.rb:162:in `start'
  c:/apps/jruby-1.4.0/lib/ruby/1.8/webrick/server.rb:162:in `start_thread'
  c:/apps/jruby-1.4.0/lib/ruby/1.8/webrick/server.rb:95:in `start'
  c:/apps/jruby-1.4.0/lib/ruby/1.8/webrick/server.rb:92:in `each'
  c:/apps/jruby-1.4.0/lib/ruby/1.8/webrick/server.rb:92:in `start'
  c:/apps/jruby-1.4.0/lib/ruby/1.8/webrick/server.rb:23:in `start'
  c:/apps/jruby-1.4.0/lib/ruby/1.8/webrick/server.rb:82:in `start'

Rendering rescues/layout (not_found)


Processing ApplicationController#index (for 127.0.0.1 at 2010-08-30 11:43:57) [GET]

ActionController::RoutingError (No route matches "/crrs_crs_catalog_t" with {:method=>:get}):
  c:/apps/jruby-1.4.0/lib/ruby/1.8/webrick/httpserver.rb:104:in `service'
  c:/apps/jruby-1.4.0/lib/ruby/1.8/webrick/httpserver.rb:65:in `run'
  c:/apps/jruby-1.4.0/lib/ruby/1.8/webrick/server.rb:173:in `start_thread'
  c:/apps/jruby-1.4.0/lib/ruby/1.8/webrick/server.rb:162:in `start'
  c:/apps/jruby-1.4.0/lib/ruby/1.8/webrick/server.rb:162:in `start_thread'
  c:/apps/jruby-1.4.0/lib/ruby/1.8/webrick/server.rb:95:in `start'
  c:/apps/jruby-1.4.0/lib/ruby/1.8/webrick/server.rb:92:in `each'
  c:/apps/jruby-1.4.0/lib/ruby/1.8/webrick/server.rb:92:in `start'
  c:/apps/jruby-1.4.0/lib/ruby/1.8/webrick/server.rb:23:in `start'
  c:/apps/jruby-1.4.0/lib/ruby/1.8/webrick/server.rb:82:in `start'

Rendering rescues/layout (not_found)


Processing ApplicationController#index (for 127.0.0.1 at 2010-08-30 11:44:15) [GET]

ActionController::RoutingError (No route matches "/crrc_crs_catalogt" with {:method=>:get}):
  c:/apps/jruby-1.4.0/lib/ruby/1.8/webrick/httpserver.rb:104:in `service'
  c:/apps/jruby-1.4.0/lib/ruby/1.8/webrick/httpserver.rb:65:in `run'
  c:/apps/jruby-1.4.0/lib/ruby/1.8/webrick/server.rb:173:in `start_thread'
  c:/apps/jruby-1.4.0/lib/ruby/1.8/webrick/server.rb:162:in `start'
  c:/apps/jruby-1.4.0/lib/ruby/1.8/webrick/server.rb:162:in `start_thread'
  c:/apps/jruby-1.4.0/lib/ruby/1.8/webrick/server.rb:95:in `start'
  c:/apps/jruby-1.4.0/lib/ruby/1.8/webrick/server.rb:92:in `each'
  c:/apps/jruby-1.4.0/lib/ruby/1.8/webrick/server.rb:92:in `start'
  c:/apps/jruby-1.4.0/lib/ruby/1.8/webrick/server.rb:23:in `start'
  c:/apps/jruby-1.4.0/lib/ruby/1.8/webrick/server.rb:82:in `start'

Rendering rescues/layout (not_found)
  [4;36;1mSQL (4.0ms)[0m   [0;1m SELECT trigger_name
 FROM all_triggers
 WHERE owner = 'SIS'
 AND trigger_name = 'SIS.CRRC_CRS_CATALOGT_PKT'
 AND table_owner = 'SIS'
 AND table_name = 'CRRC_CRS_CATALOGT'
 AND status = 'ENABLED'
[0m
  [4;35;1mCrrcCrsCatalogt Columns (68.0ms)[0m   [0m select column_name as name, data_type as sql_type, data_default, nullable,
 decode(data_type, 'NUMBER', data_precision,
 'FLOAT', data_precision,
 'VARCHAR2', decode(char_used, 'C', char_length, data_length),
 'CHAR', decode(char_used, 'C', char_length, data_length),
 null) as limit,
 decode(data_type, 'NUMBER', data_scale, null) as scale
 from all_tab_columns
 where owner = 'SIS'
 and table_name = 'CRRC_CRS_CATALOGT'
 order by column_id
[0m


Processing CrrcCrsCatalogtsController#index (for 127.0.0.1 at 2010-08-30 11:44:34) [GET]
  [4;36;1mSQL (438.0ms)[0m   [0;1mSELECT count(*) AS count_all FROM SIS.CRRC_CRS_CATALOGT [0m
  [4;35;1mCrrcCrsCatalogt Load (194.0ms)[0m   [0mselect * from (select raw_sql_.*, rownum raw_rnum_ from (SELECT SIS.CRRC_CRS_CATALOGT.* FROM SIS.CRRC_CRS_CATALOGT ) raw_sql_ where rownum <= 15) where raw_rnum_ > 0[0m
Rendering template within layouts/crrc_crs_catalogts
Rendering list
Rendered _list_header (47.0ms)
Rendered _list_column_headings (300.0ms)
Rendered _messages (2.0ms)
Rendered _list_actions (11.0ms)
Rendered _list_record (221.0ms)
Rendered _list_actions (10.0ms)
Rendered _list_record (73.0ms)
Rendered _list_actions (9.0ms)
Rendered _list_record (46.0ms)
Rendered _list_actions (4.0ms)
Rendered _list_record (37.0ms)
Rendered _list_actions (6.0ms)
Rendered _list_record (38.0ms)
Rendered _list_actions (5.0ms)
Rendered _list_record (34.0ms)
Rendered _list_actions (11.0ms)
Rendered _list_record (43.0ms)
Rendered _list_actions (5.0ms)
Rendered _list_record (42.0ms)
Rendered _list_actions (5.0ms)
Rendered _list_record (35.0ms)
Rendered _list_actions (5.0ms)
Rendered _list_record (33.0ms)
Rendered _list_actions (7.0ms)
Rendered _list_record (34.0ms)
Rendered _list_actions (8.0ms)
Rendered _list_record (32.0ms)
Rendered _list_actions (8.0ms)
Rendered _list_record (30.0ms)
Rendered _list_actions (5.0ms)
Rendered _list_record (33.0ms)
Rendered _list_actions (4.0ms)
Rendered _list_record (35.0ms)
Rendered _list_pagination_links (30.0ms)
Rendered _list (1126.0ms)
Completed in 2138ms (View: 1438, DB: 704) | 200 OK [http://localhost/crrc_crs_catalogts]
  [4;36;1mSQL (6.0ms)[0m   [0;1m SELECT trigger_name
 FROM all_triggers
 WHERE owner = 'SIS'
 AND trigger_name = 'SIS.CRRC_CRS_CATALOGT_PKT'
 AND table_owner = 'SIS'
 AND table_name = 'CRRC_CRS_CATALOGT'
 AND status = 'ENABLED'
[0m
  [4;35;1mCrrcCrsCatalogt Columns (100.0ms)[0m   [0m select column_name as name, data_type as sql_type, data_default, nullable,
 decode(data_type, 'NUMBER', data_precision,
 'FLOAT', data_precision,
 'VARCHAR2', decode(char_used, 'C', char_length, data_length),
 'CHAR', decode(char_used, 'C', char_length, data_length),
 null) as limit,
 decode(data_type, 'NUMBER', data_scale, null) as scale
 from all_tab_columns
 where owner = 'SIS'
 and table_name = 'CRRC_CRS_CATALOGT'
 order by column_id
[0m


Processing CrrcCrsCatalogtsController#index (for 127.0.0.1 at 2010-08-30 11:45:02) [GET]
  Parameters: {"page"=>"2", "authenticity_token"=>"yRLDE62uWvskwmEKaEoCgCe/pZamlXGQqTEvHojp6QE="}
  [4;36;1mSQL (14.0ms)[0m   [0;1mSELECT count(*) AS count_all FROM SIS.CRRC_CRS_CATALOGT [0m
  [4;35;1mCrrcCrsCatalogt Load (24.0ms)[0m   [0mselect * from (select raw_sql_.*, rownum raw_rnum_ from (SELECT SIS.CRRC_CRS_CATALOGT.* FROM SIS.CRRC_CRS_CATALOGT ) raw_sql_ where rownum <= 30) where raw_rnum_ > 15[0m
Rendering list
Rendered _list_column_headings (135.0ms)
Rendered _messages (2.0ms)
Rendered _list_actions (33.0ms)
Rendered _list_record (61.0ms)
Rendered _list_actions (6.0ms)
Rendered _list_record (39.0ms)
Rendered _list_actions (5.0ms)
Rendered _list_record (25.0ms)
Rendered _list_actions (5.0ms)
Rendered _list_record (35.0ms)
Rendered _list_actions (6.0ms)
Rendered _list_record (70.0ms)
Rendered _list_actions (4.0ms)
Rendered _list_record (36.0ms)
Rendered _list_actions (4.0ms)
Rendered _list_record (26.0ms)
Rendered _list_actions (4.0ms)
Rendered _list_record (26.0ms)
Rendered _list_actions (7.0ms)
Rendered _list_record (29.0ms)
Rendered _list_actions (5.0ms)
Rendered _list_record (29.0ms)
Rendered _list_actions (4.0ms)
Rendered _list_record (26.0ms)
Rendered _list_actions (3.0ms)
Rendered _list_record (28.0ms)
Rendered _list_actions (4.0ms)
Rendered _list_record (24.0ms)
Rendered _list_actions (4.0ms)
Rendered _list_record (25.0ms)
Rendered _list_actions (4.0ms)
Rendered _list_record (29.0ms)
Rendered _list_pagination_links (11.0ms)
Rendered _list (683.0ms)
Completed in 779ms (View: 728, DB: 144) | 200 OK [http://localhost/crrc_crs_catalogts?page=2&authenticity_token=yRLDE62uWvskwmEKaEoCgCe%2FpZamlXGQqTEvHojp6QE%3D]
